mode: atomic
github.com/syronz/memorable/code.go:26.44,31.38 4 4
github.com/syronz/memorable/code.go:42.2,42.8 1 4
github.com/syronz/memorable/code.go:31.38,40.3 4 26
github.com/syronz/memorable/code.go:45.43,49.2 2 2
github.com/syronz/memorable/code.go:51.50,53.30 2 4
github.com/syronz/memorable/code.go:58.2,58.40 1 4
github.com/syronz/memorable/code.go:53.30,56.3 2 10
github.com/syronz/memorable/code.go:58.40,61.32 2 26
github.com/syronz/memorable/code.go:65.3,65.21 1 26
github.com/syronz/memorable/code.go:61.32,63.4 1 52
github.com/syronz/memorable/codebuilder.go:24.54,28.2 3 7
github.com/syronz/memorable/codebuilder.go:30.53,33.2 2 7
github.com/syronz/memorable/codebuilder.go:35.60,36.35 1 7
github.com/syronz/memorable/codebuilder.go:41.2,41.53 1 6
github.com/syronz/memorable/codebuilder.go:46.2,47.37 2 5
github.com/syronz/memorable/codebuilder.go:51.2,60.8 3 5
github.com/syronz/memorable/codebuilder.go:36.35,39.3 2 1
github.com/syronz/memorable/codebuilder.go:41.53,44.3 2 1
github.com/syronz/memorable/codebuilder.go:47.37,49.3 1 10
github.com/syronz/memorable/new.go:4.24,6.2 1 7
github.com/syronz/memorable/pkg/format/zerotoleft.go:9.76,10.31 1 10
github.com/syronz/memorable/pkg/format/zerotoleft.go:15.2,17.20 2 8
github.com/syronz/memorable/pkg/format/zerotoleft.go:29.2,33.8 4 6
github.com/syronz/memorable/pkg/format/zerotoleft.go:10.31,13.3 2 2
github.com/syronz/memorable/pkg/format/zerotoleft.go:18.11,19.28 1 3
github.com/syronz/memorable/pkg/format/zerotoleft.go:20.14,21.31 1 1
github.com/syronz/memorable/pkg/format/zerotoleft.go:22.14,23.19 1 2
github.com/syronz/memorable/pkg/format/zerotoleft.go:24.10,26.9 2 2
github.com/syronz/memorable/random/randomNumber.go:8.39,10.2 1 1
github.com/syronz/memorable/random/randomNumberBuilder.go:8.61,11.2 2 1
github.com/syronz/memorable/random/randomNumberBuilder.go:13.61,16.2 2 1
github.com/syronz/memorable/random/randomNumberBuilder.go:18.46,23.2 1 1
github.com/syronz/memorable/random/interfaces.go:16.26,18.2 1 1
github.com/syronz/memorable/random/random.go:9.28,12.2 2 20
github.com/syronz/memorable/random/random.go:15.39,18.2 2 1
