mode: set
github.com/syronz/memorable/random/randomNumberBuilder.go:8.61,11.2 2 1
github.com/syronz/memorable/random/randomNumberBuilder.go:13.61,16.2 2 1
github.com/syronz/memorable/random/randomNumberBuilder.go:18.46,23.2 1 1
github.com/syronz/memorable/random/interfaces.go:16.26,18.2 1 1
github.com/syronz/memorable/random/random.go:9.28,12.2 2 1
github.com/syronz/memorable/random/random.go:15.39,18.2 2 1
github.com/syronz/memorable/random/randomNumber.go:8.39,10.2 1 1
github.com/syronz/memorable/code.go:26.44,30.38 3 1
github.com/syronz/memorable/code.go:40.2,40.8 1 1
github.com/syronz/memorable/code.go:30.38,38.3 3 1
github.com/syronz/memorable/code.go:43.43,47.2 2 1
github.com/syronz/memorable/code.go:49.50,51.30 2 1
github.com/syronz/memorable/code.go:56.2,56.40 1 1
github.com/syronz/memorable/code.go:51.30,54.3 2 1
github.com/syronz/memorable/code.go:56.40,59.32 2 1
github.com/syronz/memorable/code.go:63.3,63.21 1 1
github.com/syronz/memorable/code.go:59.32,61.4 1 1
github.com/syronz/memorable/codebuilder.go:22.54,23.39 1 1
github.com/syronz/memorable/codebuilder.go:26.2,28.10 3 1
github.com/syronz/memorable/codebuilder.go:23.39,25.3 1 1
github.com/syronz/memorable/codebuilder.go:31.53,32.31 1 1
github.com/syronz/memorable/codebuilder.go:35.2,36.10 2 1
github.com/syronz/memorable/codebuilder.go:32.31,34.3 1 1
github.com/syronz/memorable/codebuilder.go:39.60,41.16 2 1
github.com/syronz/memorable/codebuilder.go:45.2,47.37 3 1
github.com/syronz/memorable/codebuilder.go:51.2,61.8 4 1
github.com/syronz/memorable/codebuilder.go:41.16,43.3 1 1
github.com/syronz/memorable/codebuilder.go:47.37,49.3 1 1
github.com/syronz/memorable/new.go:4.24,6.2 1 1
github.com/syronz/memorable/pkg/format/zerotoleft.go:10.76,11.31 1 1
github.com/syronz/memorable/pkg/format/zerotoleft.go:16.2,18.25 2 1
github.com/syronz/memorable/pkg/format/zerotoleft.go:26.2,30.8 4 1
github.com/syronz/memorable/pkg/format/zerotoleft.go:11.31,14.3 2 1
github.com/syronz/memorable/pkg/format/zerotoleft.go:19.27,20.20 1 1
github.com/syronz/memorable/pkg/format/zerotoleft.go:21.10,23.9 2 1
github.com/syronz/memorable/pkg/format/zerotoleft.go:34.70,37.2 2 1
